Determining if the pthread_create exist failed with the following output:
Change Dir: /home/hames10/ros_workspaces/106a-final-proj/build/CMakeFiles/CMakeTmp

Run Build Command:"/usr/bin/make" "cmTC_4c0fb/fast"
/usr/bin/make -f CMakeFiles/cmTC_4c0fb.dir/build.make CMakeFiles/cmTC_4c0fb.dir/build
make[1]: Entering directory '/home/hames10/ros_workspaces/106a-final-proj/build/CMakeFiles/CMakeTmp'
Building C object CMakeFiles/cmTC_4c0fb.dir/CheckSymbolExists.c.o
/usr/bin/cc     -o CMakeFiles/cmTC_4c0fb.dir/CheckSymbolExists.c.o   -c /home/hames10/ros_workspaces/106a-final-proj/build/CMakeFiles/CMakeTmp/CheckSymbolExists.c
Linking C executable cmTC_4c0fb
/usr/bin/cmake -E cmake_link_script CMakeFiles/cmTC_4c0fb.dir/link.txt --verbose=1
/usr/bin/cc       CMakeFiles/cmTC_4c0fb.dir/CheckSymbolExists.c.o  -o cmTC_4c0fb -rdynamic 
CMakeFiles/cmTC_4c0fb.dir/CheckSymbolExists.c.o: In function `main':
CheckSymbolExists.c:(.text+0x16): undefined reference to `pthread_create'
collect2: error: ld returned 1 exit status
CMakeFiles/cmTC_4c0fb.dir/build.make:97: recipe for target 'cmTC_4c0fb' failed
make[1]: *** [cmTC_4c0fb] Error 1
make[1]: Leaving directory '/home/hames10/ros_workspaces/106a-final-proj/build/CMakeFiles/CMakeTmp'
Makefile:126: recipe for target 'cmTC_4c0fb/fast' failed
make: *** [cmTC_4c0fb/fast] Error 2

File /home/hames10/ros_workspaces/106a-final-proj/build/CMakeFiles/CMakeTmp/CheckSymbolExists.c:
/* */
#include <pthread.h>

int main(int argc, char** argv)
{
  (void)argv;
#ifndef pthread_create
  return ((int*)(&pthread_create))[argc];
#else
  (void)argc;
  return 0;
#endif
}

Determining if the function pthread_create exists in the pthreads failed with the following output:
Change Dir: /home/hames10/ros_workspaces/106a-final-proj/build/CMakeFiles/CMakeTmp

Run Build Command:"/usr/bin/make" "cmTC_50559/fast"
/usr/bin/make -f CMakeFiles/cmTC_50559.dir/build.make CMakeFiles/cmTC_50559.dir/build
make[1]: Entering directory '/home/hames10/ros_workspaces/106a-final-proj/build/CMakeFiles/CMakeTmp'
Building C object CMakeFiles/cmTC_50559.dir/CheckFunctionExists.c.o
/usr/bin/cc    -DCHECK_FUNCTION_EXISTS=pthread_create   -o CMakeFiles/cmTC_50559.dir/CheckFunctionExists.c.o   -c /usr/share/cmake-3.5/Modules/CheckFunctionExists.c
Linking C executable cmTC_50559
/usr/bin/cmake -E cmake_link_script CMakeFiles/cmTC_50559.dir/link.txt --verbose=1
/usr/bin/cc   -DCHECK_FUNCTION_EXISTS=pthread_create    CMakeFiles/cmTC_50559.dir/CheckFunctionExists.c.o  -o cmTC_50559 -rdynamic -lpthreads 
/usr/bin/ld: cannot find -lpthreads
collect2: error: ld returned 1 exit status
CMakeFiles/cmTC_50559.dir/build.make:97: recipe for target 'cmTC_50559' failed
make[1]: *** [cmTC_50559] Error 1
make[1]: Leaving directory '/home/hames10/ros_workspaces/106a-final-proj/build/CMakeFiles/CMakeTmp'
Makefile:126: recipe for target 'cmTC_50559/fast' failed
make: *** [cmTC_50559/fast] Error 2


